Flow report for lock
Tue Feb 14 09:57:39 2023
Quartus II Version 9.0 Build 132 02/25/2009 SJ Full Version


---------------------
; Table of Contents ;
---------------------
  1. Legal Notice
  2. Flow Summary
  3. Flow Settings
  4. Flow Non-Default Global Settings
  5. Flow Elapsed Time
  6. Flow OS Summary
  7. Flow Log



----------------
; Legal Notice ;
----------------
Copyright (C) 1991-2009 Altera Corporation
Your use of Altera Corporation's design tools, logic functions 
and other software and tools, and its AMPP partner logic 
functions, and any output files from any of the foregoing 
(including device programming or simulation files), and any 
associated documentation or information are expressly subject 
to the terms and conditions of the Altera Program License 
Subscription Agreement, Altera MegaCore Function License 
Agreement, or other applicable license agreement, including, 
without limitation, that your use is for the sole purpose of 
programming logic devices manufactured by Altera and sold by 
Altera or its authorized distributors.  Please refer to the 
applicable agreement for further details.



+-------------------------------------------------------------------------------+
; Flow Summary                                                                  ;
+------------------------------------+------------------------------------------+
; Flow Status                        ; Successful - Tue Feb 14 09:57:39 2023    ;
; Quartus II Version                 ; 9.0 Build 132 02/25/2009 SJ Full Version ;
; Revision Name                      ; lock                                     ;
; Top-level Entity Name              ; blk_bcd                                  ;
; Family                             ; Cyclone II                               ;
; Device                             ; EP2C20F484C7                             ;
; Timing Models                      ; Final                                    ;
; Met timing requirements            ; Yes                                      ;
; Total logic elements               ; 7 / 18,752 ( < 1 % )                     ;
;     Total combinational functions  ; 7 / 18,752 ( < 1 % )                     ;
;     Dedicated logic registers      ; 0 / 18,752 ( 0 % )                       ;
; Total registers                    ; 0                                        ;
; Total pins                         ; 11 / 315 ( 3 % )                         ;
; Total virtual pins                 ; 0                                        ;
; Total memory bits                  ; 0 / 239,616 ( 0 % )                      ;
; Embedded Multiplier 9-bit elements ; 0 / 52 ( 0 % )                           ;
; Total PLLs                         ; 0 / 4 ( 0 % )                            ;
+------------------------------------+------------------------------------------+


+-----------------------------------------+
; Flow Settings                           ;
+-------------------+---------------------+
; Option            ; Setting             ;
+-------------------+---------------------+
; Start date & time ; 02/14/2023 09:57:32 ;
; Main task         ; Compilation         ;
; Revision Name     ; lock                ;
+-------------------+---------------------+


+-----------------------------------------------------------------------------------------------------------------------------------+
; Flow Non-Default Global Settings                                                                                                  ;
+------------------------------------+-----------------------------------------------+---------------+-------------+----------------+
; Assignment Name                    ; Value                                         ; Default Value ; Entity Name ; Section Id     ;
+------------------------------------+-----------------------------------------------+---------------+-------------+----------------+
; COMPILER_SIGNATURE_ID              ; 57651963405770.167634885204636                ; --            ; --          ; --             ;
; EDA_NETLIST_WRITER_OUTPUT_DIR      ; M:/Codes/Verilog/logic_analy/simulation/qsim/ ; --            ; --          ; eda_simulation ;
; EDA_OUTPUT_DATA_FORMAT             ; Verilog Hdl                                   ; --            ; --          ; eda_simulation ;
; EDA_SIMULATION_TOOL                ; ModelSim-Altera (Verilog)                     ; <None>        ; --          ; --             ;
; EDA_TIME_SCALE                     ; 1 ps                                          ; --            ; --          ; eda_simulation ;
; MAX_CORE_JUNCTION_TEMP             ; 85                                            ; --            ; --          ; --             ;
; MIN_CORE_JUNCTION_TEMP             ; 0                                             ; --            ; --          ; --             ;
; PARTITION_COLOR                    ; 16764057                                      ; --            ; blk_bcd     ; Top            ;
; PARTITION_NETLIST_TYPE             ; SOURCE                                        ; --            ; blk_bcd     ; Top            ;
; TOP_LEVEL_ENTITY                   ; blk_bcd                                       ; lock          ; --          ; --             ;
; USE_GENERATED_PHYSICAL_CONSTRAINTS ; Off                                           ; --            ; --          ; eda_blast_fpga ;
+------------------------------------+-----------------------------------------------+---------------+-------------+----------------+


+-----------------------------------------------------------------------------------------------------------------------------+
; Flow Elapsed Time                                                                                                           ;
+-------------------------+--------------+-------------------------+---------------------+------------------------------------+
; Module Name             ; Elapsed Time ; Average Processors Used ; Peak Virtual Memory ; Total CPU Time (on all processors) ;
+-------------------------+--------------+-------------------------+---------------------+------------------------------------+
; Analysis & Synthesis    ; 00:00:01     ; 1.0                     ; 224 MB              ; 00:00:00                           ;
; Fitter                  ; 00:00:02     ; 1.0                     ; 289 MB              ; 00:00:02                           ;
; Assembler               ; 00:00:02     ; 1.0                     ; 243 MB              ; 00:00:01                           ;
; Classic Timing Analyzer ; 00:00:00     ; 1.0                     ; 176 MB              ; 00:00:00                           ;
; EDA Netlist Writer      ; 00:00:01     ; 1.0                     ; 163 MB              ; 00:00:00                           ;
; Total                   ; 00:00:06     ; --                      ; --                  ; 00:00:03                           ;
+-------------------------+--------------+-------------------------+---------------------+------------------------------------+


+------------------------------------------------------------------------------------------+
; Flow OS Summary                                                                          ;
+-------------------------+------------------+---------------+------------+----------------+
; Module Name             ; Machine Hostname ; OS Name       ; OS Version ; Processor type ;
+-------------------------+------------------+---------------+------------+----------------+
; Analysis & Synthesis    ; Meet-Sangani     ; Windows Vista ; 6.2        ; x86_64         ;
; Fitter                  ; Meet-Sangani     ; Windows Vista ; 6.2        ; x86_64         ;
; Assembler               ; Meet-Sangani     ; Windows Vista ; 6.2        ; x86_64         ;
; Classic Timing Analyzer ; Meet-Sangani     ; Windows Vista ; 6.2        ; x86_64         ;
; EDA Netlist Writer      ; Meet-Sangani     ; Windows Vista ; 6.2        ; x86_64         ;
+-------------------------+------------------+---------------+------------+----------------+


------------
; Flow Log ;
------------
quartus_map --read_settings_files=on --write_settings_files=off lock -c lock
quartus_fit --read_settings_files=off --write_settings_files=off lock -c lock
quartus_asm --read_settings_files=off --write_settings_files=off lock -c lock
quartus_tan --read_settings_files=off --write_settings_files=off lock -c lock --timing_analysis_only
quartus_eda --read_settings_files=off --write_settings_files=off lock -c lock



